 
****************************************
Report : area
Design : CONV
Version: S-2021.06-SP2
Date   : Tue Aug  2 02:11:38 2022
****************************************

Library(s) Used:

    slow (File: /cad/CBDK/CBDK_IC_Contest_v2.1/SynopsysDC/db/slow.db)

Number of ports:                          105
Number of nets:                          2090
Number of cells:                         1857
Number of combinational cells:           1758
Number of sequential cells:                98
Number of macros/black boxes:               0
Number of buf/inv:                        325
Number of references:                     111

Combinational area:              26014.352324
Buf/Inv area:                     2271.121189
Noncombinational area:            3315.022179
Macro/Black Box area:                0.000000
Net Interconnect area:          208927.707428

Total cell area:                 29329.374502
Total area:                     238257.081930
1
