 
****************************************
Report : area
Design : CONV
Version: S-2021.06-SP2
Date   : Tue Aug  2 04:04:56 2022
****************************************

Library(s) Used:

    slow (File: /cad/CBDK/CBDK_IC_Contest_v2.1/SynopsysDC/db/slow.db)

Number of ports:                          187
Number of nets:                          2349
Number of cells:                         2087
Number of combinational cells:           1944
Number of sequential cells:               140
Number of macros/black boxes:               0
Number of buf/inv:                        395
Number of references:                      80

Combinational area:              17617.314527
Buf/Inv area:                     2232.080990
Noncombinational area:            4172.209175
Macro/Black Box area:                0.000000
Net Interconnect area:          235667.840454

Total cell area:                 21789.523702
Total area:                     257457.364156
1
