 
****************************************
Report : timing
        -path full
        -delay max
        -max_paths 1
Design : CONV
Version: S-2021.06-SP2
Date   : Tue Aug  2 04:04:56 2022
****************************************

Operating Conditions: slow   Library: slow
Wire Load Model Mode: top

  Startpoint: U1/mult_x_1/clk_r_REG7_S1
              (rising edge-triggered flip-flop clocked by clk)
  Endpoint: multiplication_reg_reg[37]
            (rising edge-triggered flip-flop clocked by clk)
  Path Group: clk
  Path Type: max

  Des/Clust/Port     Wire Load Model       Library
  ------------------------------------------------
  CONV               tsmc13_wl10           slow

  Point                                                   Incr       Path
  --------------------------------------------------------------------------
  clock clk (rise edge)                                   0.00       0.00
  clock network delay (ideal)                             0.50       0.50
  U1/mult_x_1/clk_r_REG7_S1/CK (DFFQX1)                   0.00       0.50 r
  U1/mult_x_1/clk_r_REG7_S1/Q (DFFQX1)                    0.80       1.30 r
  U1/U233/Y (NAND2XL)                                     0.46       1.76 f
  U1/U27/Y (NAND2X1)                                      0.47       2.24 r
  U1/U307/Y (INVXL)                                       0.23       2.47 f
  U1/U580/Y (OAI21X1)                                     0.28       2.74 r
  U1/U36/Y (AOI21XL)                                      0.19       2.93 f
  U1/U581/Y (OAI21XL)                                     0.33       3.26 r
  U1/U582/Y (CLKXOR2X2)                                   0.54       3.80 f
  U1/U658/Y (OAI21X1)                                     0.34       4.14 r
  U1/U659/Y (XOR2X1)                                      0.27       4.41 r
  U1/U666/CO (ADDFXL)                                     0.88       5.29 r
  U1/U744/S (ADDFX1)                                      0.47       5.76 r
  U1/U747/CO (ADDFX1)                                     0.44       6.19 r
  U1/U822/Y (NAND2X1)                                     0.30       6.50 f
  U1/U824/Y (OAI21X1)                                     0.48       6.98 r
  U1/U828/Y (AOI21X2)                                     0.25       7.23 f
  U1/U833/Y (OAI21X1)                                     0.31       7.54 r
  U1/U182/Y (AOI21X2)                                     0.21       7.75 f
  U1/U848/Y (OAI21X4)                                     0.20       7.95 r
  U1/U862/Y (AOI21X2)                                     0.18       8.12 f
  U1/U873/Y (OAI21X2)                                     0.32       8.44 r
  U1/U883/Y (AOI21X4)                                     0.17       8.62 f
  U1/U891/Y (OAI21X2)                                     0.31       8.93 r
  U1/U899/Y (AOI21X4)                                     0.19       9.11 f
  U1/U906/Y (OAI21X4)                                     0.20       9.31 r
  U1/U910/Y (AOI21X4)                                     0.14       9.45 f
  U1/U915/Y (OA21X4)                                      0.25       9.70 f
  U1/PRODUCT[37] (CONV_DW02_mult_2_stage_J38_0)           0.00       9.70 f
  U1360/Y (NAND2X2)                                       0.18       9.88 r
  U1363/Y (OAI21XL)                                       0.21      10.09 f
  multiplication_reg_reg[37]/D (DFFQX1)                   0.00      10.09 f
  data arrival time                                                 10.09

  clock clk (rise edge)                                  10.00      10.00
  clock network delay (ideal)                             0.50      10.50
  clock uncertainty                                      -0.10      10.40
  multiplication_reg_reg[37]/CK (DFFQX1)                  0.00      10.40 r
  library setup time                                     -0.30      10.10
  data required time                                                10.10
  --------------------------------------------------------------------------
  data required time                                                10.10
  data arrival time                                                -10.09
  --------------------------------------------------------------------------
  slack (MET)                                                        0.00


1
